C51 COMPILER V9.52.0.0   ADC                                                               03/31/2017 15:44:23 PAGE 1   


C51 COMPILER V9.52.0.0, COMPILATION OF MODULE ADC
OBJECT MODULE PLACED IN .\Output\ADC.obj
COMPILER INVOKED BY: C:\Keil\C51\BIN\C51.EXE Code\ADC.C BROWSE INCDIR(..\..\Include) DEFINE(FOSC_160000) DEBUG OBJECTEXT
                    -END PRINT(.\LST\ADC.lst) TABS(2) OBJECT(.\Output\ADC.obj)

line level    source

   1          /*--------------------------------------------------------------------------------------------------------
             --*/
   2          /*                                                                                                        
             - */
   3          /* Copyright(c) 2017 Nuvoton Technology Corp. All rights reserved.                                        
             - */
   4          /*                                                                                                        
             - */
   5          /*--------------------------------------------------------------------------------------------------------
             --*/
   6          
   7          //********************************************************************************************************
             -***
   8          //  Website: http://www.nuvoton.com
   9          //  E-Mail : MicroC-8bit@nuvoton.com
  10          //  Date   : Jan/21/2017
  11          //********************************************************************************************************
             -***
  12          
  13          //********************************************************************************************************
             -***
  14          //  File Function: N76E003  ADC demo code
  15          //********************************************************************************************************
             -***
  16          #include "N76E003.h"
  17          #include "SFR_Macro.h"
  18          #include "Function_define.h"
  19          #include "Common.h"
  20          #include "Delay.h"
  21          
  22          //*****************  The Following is in define in Fucntion_define.h  ***************************
  23          //****** Always include Function_define.h call the define you want, detail see main(void) *******
  24          //***********************************************************************************************
  25          #if 0
              //#define Enable_ADC_AIN0     ADCCON0&=0xF0;P17_Input_Mode;AINDIDS=0x00;AINDIDS|=SET_BIT0;ADCCON1|=SET_BIT0 
             -                //P17
              //#define Enable_ADC_AIN1     ADCCON0&=0xF0;ADCCON0|=0x01;P30_Input_Mode;AINDIDS=0x00;AINDIDS|=SET_BIT1;ADCC
             -ON1|=SET_BIT0    //P30
              //#define Enable_ADC_AIN2     ADCCON0&=0xF0;ADCCON0|=0x02;P07_Input_Mode;AINDIDS=0x00;AINDIDS|=SET_BIT2;ADCC
             -ON1|=SET_BIT0    //P07
              //#define Enable_ADC_AIN3     ADCCON0&=0xF0;ADCCON0|=0x03;P06_Input_Mode;AINDIDS=0x00;AINDIDS|=SET_BIT3;ADCC
             -ON1|=SET_BIT0    //P06
              //#define Enable_ADC_AIN4     ADCCON0&=0xF0;ADCCON0|=0x04;P05_Input_Mode;AINDIDS=0x00;AINDIDS|=SET_BIT4;ADCC
             -ON1|=SET_BIT0    //P05
              //#define Enable_ADC_AIN5     ADCCON0&=0xF0;ADCCON0|=0x05;P04_Input_Mode;AINDIDS=0x00;AINDIDS|=SET_BIT5;ADCC
             -ON1|=SET_BIT0    //P04
              //#define Enable_ADC_AIN6     ADCCON0&=0xF0;ADCCON0|=0x06;P03_Input_Mode;AINDIDS=0x00;AINDIDS|=SET_BIT6;ADCC
             -ON1|=SET_BIT0    //P03
              //#define Enable_ADC_AIN7     ADCCON0&=0xF0;ADCCON0|=0x07;P11_Input_Mode;AINDIDS=0x00;AINDIDS|=SET_BIT7;ADCC
             -ON1|=SET_BIT0    //P11
              //#define Enable_ADC_BandGap  ADCCON0|=SET_BIT3;ADCCON0&=0xF8;                                                              //Band-gap 1.2
             -2V
              
              //#define PWM0_FALLINGEDGE_TRIG_ADC   ADCCON0&=~SET_BIT5;ADCCON0&=~SET_BIT4;ADCCON1&=~SET_BIT3;ADCCON1&=~SE
C51 COMPILER V9.52.0.0   ADC                                                               03/31/2017 15:44:23 PAGE 2   

             -T_BIT2;ADCCON1|=SET_BIT1
              //#define PWM2_FALLINGEDGE_TRIG_ADC   ADCCON0&=~SET_BIT5;ADCCON0|=SET_BIT4;ADCCON1&=~SET_BIT3;ADCCON1&=~SET
             -_BIT2;ADCCON1|=SET_BIT1
              //#define PWM4_FALLINGEDGE_TRIG_ADC   ADCCON0|=SET_BIT5;ADCCON0&=~SET_BIT4;ADCCON1&=~SET_BIT3;ADCCON1&=~SET
             -_BIT2;ADCCON1|=SET_BIT1
              //#define PWM0_RISINGEDGE_TRIG_ADC    ADCCON0&=~SET_BIT5;ADCCON0&=~SET_BIT4;ADCCON1&=~SET_BIT3;ADCCON1|=SET_
             -BIT2;ADCCON1|=SET_BIT1
              //#define PWM2_RISINGEDGE_TRIG_ADC    ADCCON0&=~SET_BIT5;ADCCON0|=SET_BIT4;ADCCON1&=~SET_BIT3;ADCCON1|=SET_B
             -IT2;ADCCON1|=SET_BIT1
              //#define PWM4_RISINGEDGE_TRIG_ADC    ADCCON0|=SET_BIT5;ADCCON0&=~SET_BIT4;ADCCON1&=~SET_BIT3;ADCCON1|=SET_B
             -IT2;ADCCON1|=SET_BIT1
              
              //#define P04_FALLINGEDGE_TRIG_ADC    ADCCON0|=0x30;ADCCON1&=0xF3;ADCCON1|=SET_BIT1;ADCCON1&=~SET_BIT6
              //#define P13_FALLINGEDGE_TRIG_ADC    ADCCON0|=0x30;ADCCON1&=0xF3;ADCCON1|=SET_BIT1;ADCCON1|=SET_BIT6
              //#define P04_RISINGEDGE_TRIG_ADC     ADCCON0|=0x30;ADCCON1&=~SET_BIT3;ADCCON1|=SET_BIT2;ADCCON1|=SET_BIT1;A
             -DCCON1&=~SET_BIT6
              //#define P13_RISINGEDGE_TRIG_ADC     ADCCON0|=0x30;ADCCON1&=~SET_BIT3;ADCCON1|=SET_BIT2;ADCCON1|=SET_BIT1;A
             -DCCON1|=SET_BIT6
              #endif
  48          
  49              int ADCdataH[16], ADCdataL[16], ADCsumH=0, ADCsumL=0;
  50              unsigned char ADCavgH, ADCavgL;
  51                  
  52          /******************************************************************************
  53          The main C function.  Program execution starts
  54          here after stack initialization.
  55          ******************************************************************************/
  56          void main (void) 
  57          {
  58   1          int i;      
  59   1          P05_PushPull_Mode;
  60   1          P05 = 1;
  61   1          Timer0_Delay1ms(300);
  62   1        
  63   1          P05 = 0;  
  64   1          Enable_ADC_AIN0;            // Enable AIN0 P1.7 as ADC input, Find in "Function_define.h" - "ADC INIT"
  65   1          ADCsumH = 0x0000;
  66   1          ADCsumL = 0x0000;
  67   1            
  68   1          for(i=0;i<16;i++)
  69   1          {
  70   2            clr_ADCF;
  71   2            set_ADCS;                 // ADC start trig signal
  72   2            while(ADCF == 0);
  73   2            ADCdataH[i] = ADCRH;
  74   2            ADCdataL[i] = ADCRL;
  75   2          }   
  76   1          
  77   1          for(i=0;i<16;i++)
  78   1          {
  79   2            ADCsumH = ADCsumH + ADCdataH[i];
  80   2            ADCsumL = ADCsumL + ADCdataL[i];
  81   2          }       
  82   1      
  83   1          ADCavgH = ADCsumH/16;
  84   1          ADCavgL = ADCsumL/16;
  85   1          P05 = 1;
  86   1          while(1);
  87   1      }


MODULE INFORMATION:   STATIC OVERLAYABLE
C51 COMPILER V9.52.0.0   ADC                                                               03/31/2017 15:44:23 PAGE 3   

   CODE SIZE        =    175    ----
   CONSTANT SIZE    =   ----    ----
   XDATA SIZE       =   ----    ----
   PDATA SIZE       =   ----    ----
   DATA SIZE        =     70    ----
   IDATA SIZE       =   ----    ----
   BIT SIZE         =   ----    ----
END OF MODULE INFORMATION.


C51 COMPILATION COMPLETE.  0 WARNING(S),  0 ERROR(S)
