C51 COMPILER V9.52.0.0   WDT                                                               12/26/2017 17:43:11 PAGE 1   


C51 COMPILER V9.52.0.0, COMPILATION OF MODULE WDT
OBJECT MODULE PLACED IN .\Output\WDT.obj
COMPILER INVOKED BY: C:\Keil\C51\BIN\C51.EXE Code\WDT.c BROWSE INCDIR(..\..\Include) DEFINE(FOSC_160000) DEBUG OBJECTEXT
                    -END PRINT(.\LST\WDT.lst) TABS(2) OBJECT(.\Output\WDT.obj)

line level    source

   1          /*--------------------------------------------------------------------------------------------------------
             --*/
   2          /*                                                                                                        
             - */
   3          /* Copyright(c) 2016 Nuvoton Technology Corp. All rights reserved.                                        
             - */
   4          /*                                                                                                        
             - */
   5          /*--------------------------------------------------------------------------------------------------------
             --*/
   6          
   7          //********************************************************************************************************
             -***
   8          //  Nuvoton Technoledge Corp. 
   9          //  Website: http://www.nuvoton.com
  10          //  E-Mail : MicroC-8bit@nuvoton.com
  11          //  Date   : Apr/21/2016
  12          //********************************************************************************************************
             -***
  13          
  14          //********************************************************************************************************
             -***
  15          //  File Function: N76E003 Watch Dog reste functiondemo code
  16          //********************************************************************************************************
             -***
  17          
  18          #include "N76E003.h"
  19          #include "Common.h"
  20          #include "Delay.h"
  21          #include "SFR_Macro.h"
  22          #include "Function_define.h"
  23          
  24          #define     CFG_READ            0xC0
  25          #define     CFG_ERASE           0xE2
  26          #define     CFG_BYTE_PROGRAM    0xE1
  27          
  28          /***********************************************************************
  29            WDT CONFIG enable 
  30            warning : this macro is only when ICP not enable CONFIG WDT function
  31            copy this marco code to you code to enable WDT reset.
  32          ************************************************************************/
  33          void Enable_WDT_Reset_Config(void)
  34          {
  35   1          set_IAPEN;
  36   1          IAPAL = 0x04;
  37   1          IAPAH = 0x00;
  38   1          IAPFD = 0x0F;
  39   1          IAPCN = CFG_BYTE_PROGRAM;
  40   1          set_CFUEN;
  41   1          set_IAPGO;                                  //trigger IAP
  42   1          while((CHPCON&SET_BIT6)==SET_BIT6);          //check IAPFF (CHPCON.6)
  43   1          clr_CFUEN;
  44   1          clr_IAPEN;
  45   1      }
C51 COMPILER V9.52.0.0   WDT                                                               12/26/2017 17:43:11 PAGE 2   

  46          /***********************************************************************
  47            WDT CONFIG disable 
  48            warning : this macro is for CONFIG already enable WDT Reset to disable.
  49            Since erase CONFIG is full page 
  50            step 1. storage CONFIG value in RAM
  51            step 2. modify RAM CONFIG4 WDT value to disable 
  52            step 3. erase CONFIG page
  53            step 4. re writer CONFIG.
  54          ************************************************************************/
  55          void Disable_WDT_Reset_Config(void)
  56          {
  57   1        UINT8 cf0,cf1,cf2,cf3,cf4;
  58   1        
  59   1          set_IAPEN;
  60   1          IAPAL = 0x00;
  61   1          IAPAH = 0x00;
  62   1          IAPCN = CFG_READ;
  63   1          set_IAPGO;                                  //Storage CONFIG0 data
  64   1          cf0 = IAPFD;
  65   1          IAPAL = 0x01;
  66   1          set_IAPGO;                                  //Storage CONFIG1 data
  67   1          cf1 = IAPFD;
  68   1          IAPAL = 0x02;
  69   1          set_IAPGO;                                  //Storage CONFIG2 data
  70   1          cf2 = IAPFD;
  71   1          IAPAL = 0x03;
  72   1          set_IAPGO;                                  //Storage CONFIG3 data
  73   1          cf3 = IAPFD;
  74   1          IAPAL = 0x04;
  75   1          set_IAPGO;                                  //Storage CONFIG4 data
  76   1          cf4 = IAPFD;
  77   1          cf4 |= 0xF0;                                //Moidfy Storage CONFIG4 data disable WDT reset
  78   1          
  79   1          set_CFUEN;  
  80   1          IAPCN = CFG_ERASE;                          //Erase CONFIG all
  81   1          IAPAH = 0x00;
  82   1          IAPAL = 0x00;
  83   1          IAPFD = 0xFF;
  84   1          set_IAPGO;
  85   1          
  86   1          IAPCN = CFG_BYTE_PROGRAM;                   //Write CONFIG
  87   1          IAPFD = cf0;
  88   1          set_IAPGO;
  89   1          IAPAL = 0x01;
  90   1          IAPFD = cf1;
  91   1          set_IAPGO;
  92   1          IAPAL = 0x02;
  93   1          IAPFD = cf2;
  94   1          set_IAPGO;
  95   1          IAPAL = 0x03;
  96   1          IAPFD = cf3;
  97   1          set_IAPGO;
  98   1          IAPAL = 0x04;
  99   1          IAPFD = cf4;
 100   1          set_IAPGO;
 101   1      
 102   1          clr_CFUEN;
 103   1          clr_IAPEN;
 104   1      }
 105          
 106          /*********************************************************************************************************
             -***
C51 COMPILER V9.52.0.0   WDT                                                               12/26/2017 17:43:11 PAGE 3   

 107          *    Main function 
 108          **********************************************************************************************************
             -**/
 109          void main (void)
 110          {
 111   1      
 112   1        Set_All_GPIO_Quasi_Mode;
 113   1      
 114   1        clr_GPIO1;
 115   1        Timer0_Delay1ms(50);          //toggle I/O to show MCU Reset
 116   1        set_GPIO1;
 117   1        Timer0_Delay1ms(50);
 118   1        clr_GPIO1;
 119   1        Timer0_Delay1ms(50);
 120   1        set_GPIO1;
 121   1        Timer0_Delay1ms(50);
 122   1      
 123   1        
 124   1      //----------------------------------------------------------------------------------------------
 125   1      // WDT Init !!! ENABLE CONFIG WDT FIRST !!!
 126   1      // Warning:
 127   1      // Always check CONFIG WDT enable first, CONFIG not enable, SFR can't enable WDT reset
 128   1      // Please call Enable_WDT_Reset_Config() function to enable CONFIG WDT reset
 129   1      //----------------------------------------------------------------------------------------------
 130   1      
 131   1      //  Enable_WDT_Reset_Config();              //Software enable WDT reset CONFIG setting
 132   1          TA=0xAA;TA=0x55;WDCON|=0x07;            //Setting WDT prescale 
 133   1          set_WDCLR;                              //Clear WDT timer
 134   1          while((WDCON|~SET_BIT6)==0xFF);         //confirm WDT clear is ok before into power down mode
 135   1      //    EA = 1;
 136   1          set_WDTR;                               //WDT run
 137   1      //    Disable_WDT_Reset_Config();           //Software disable WDT reset CONFIG setting
 138   1      
 139   1          while (1)
 140   1          {
 141   2            clr_GPIO1;
 142   2            Timer0_Delay1ms(100);
 143   2            set_GPIO1;
 144   2            Timer0_Delay1ms(100);
 145   2            clr_GPIO1;
 146   2            Timer0_Delay1ms(100);
 147   2            set_GPIO1;
 148   2            Timer0_Delay1ms(100);
 149   2            clr_GPIO1;
 150   2            set_PD;
 151   2          }
 152   1      }
 153          


MODULE INFORMATION:   STATIC OVERLAYABLE
   CODE SIZE        =    642    ----
   CONSTANT SIZE    =   ----    ----
   XDATA SIZE       =   ----    ----
   PDATA SIZE       =   ----    ----
   DATA SIZE        =   ----    ----
   IDATA SIZE       =   ----    ----
   BIT SIZE         =   ----    ----
END OF MODULE INFORMATION.


C51 COMPILATION COMPLETE.  0 WARNING(S),  0 ERROR(S)
