C51 COMPILER V9.52.0.0   I2C_S                                                             01/15/2018 16:03:07 PAGE 1   


C51 COMPILER V9.52.0.0, COMPILATION OF MODULE I2C_S
OBJECT MODULE PLACED IN .\Output\I2C_S.obj
COMPILER INVOKED BY: C:\Keil\C51\BIN\C51.EXE Code\I2C_S.c BROWSE INCDIR(..\..\..\Include) DEFINE(FOSC_160000) DEBUG OBJE
                    -CTEXTEND PRINT(.\LST\I2C_S.lst) TABS(2) OBJECT(.\Output\I2C_S.obj)

line level    source

   1          /*--------------------------------------------------------------------------------------------------------
             --*/
   2          /*                                                                                                        
             - */
   3          /* Copyright(c) 2015 Nuvoton Technology Corp. All rights reserved.                                        
             - */
   4          /*                                                                                                        
             - */
   5          /*--------------------------------------------------------------------------------------------------------
             --*/
   6          
   7          //********************************************************************************************************
             -***
   8          //  Nuvoton Technoledge Corp. 
   9          //  Website: http://www.nuvoton.com
  10          //  E-Mail : MicroC-8bit@nuvoton.com
  11          //  Date   : May/1/2015
  12          //********************************************************************************************************
             -***
  13          
  14          //********************************************************************************************************
             -***
  15          //  File Function: N76E003 I2C Slave demo code
  16          //********************************************************************************************************
             -***
  17          
  18          #include "N76E003.h"
  19          #include "Common.h"
  20          #include "Delay.h"
  21          #include "SFR_Macro.h"
  22          #include "Function_define.h"
  23          
  24          //********************************************************************************************************
             -***
  25          //  N76E885-series I2C slave mode demo code, the Slave address = 0xA4
  26          //
  27          //   ____________            _____________ 
  28          //  |            |   SDA    |             |
  29          //  |            |<-------->|             |
  30          //  |            |          |             |
  31          //  |N76E003(M) |          | N76E003(S) |
  32          //  |(I2C_Master)|          | (I2C_Slave) |
  33          //  |            |   SCL    |             |
  34          //  |            |--------->|             |
  35          //  |____________|          |_____________|
  36          //
  37          //  The protocol of I2C is same the "24LC64"
  38          //********************************************************************************************************
             -***
  39          
  40          
  41          #define I2C_CLOCK               13
  42          #define EEPROM_SLA              0xA4
  43          
C51 COMPILER V9.52.0.0   I2C_S                                                             01/15/2018 16:03:07 PAGE 2   

  44          
  45          UINT8 data_received[34], data_num = 0;
  46          
  47          //========================================================================================================
  48          void I2C_ISR(void) interrupt 6
  49          {
  50   1          switch (I2STAT)
  51   1          {
  52   2              case 0x00:
  53   2                  STO = 1;
  54   2                  break;
  55   2      
  56   2              case 0x60:
  57   2                  AA = 1;
  58   2                  //P3 = 0x60;
  59   2                  break;
  60   2              
  61   2              case 0x68:
  62   2                  P02 = 0;
  63   2                  while(1);
  64   2                  break;
  65   2      
  66   2              case 0x80:
  67   2                  //P3 = 0x80;
  68   2                  data_received[data_num] = I2DAT;
  69   2                  data_num++;
  70   2      
  71   2                  if (data_num == 34)
  72   2                      AA = 0;
  73   2                  else
  74   2                      AA = 1;
  75   2                  break;
  76   2      
  77   2              case 0x88:
  78   2                  //P3 = 0x88;
  79   2                  data_received[data_num] = I2DAT;
  80   2                  data_num = 0;
  81   2                  AA = 1;
  82   2                  break;
  83   2      
  84   2              case 0xA0:
  85   2                  //P3 = 0xA0;
  86   2                  AA = 1;
  87   2                  break;
  88   2      
  89   2              case 0xA8:
  90   2                  //P3 = 0xA0;
  91   2                  I2DAT = data_received[data_num];
  92   2                  data_num++;
  93   2                  AA = 1;
  94   2                  break;
  95   2              
  96   2              case 0xB8:
  97   2                  //P3 = 0xB8;
  98   2                  I2DAT = data_received[data_num];
  99   2                  data_num++;
 100   2                  AA = 1;
 101   2                  break;
 102   2      
 103   2              case 0xC0:
 104   2                  AA = 1;
 105   2                  break; 
C51 COMPILER V9.52.0.0   I2C_S                                                             01/15/2018 16:03:07 PAGE 3   

 106   2      
 107   2              case 0xC8:
 108   2                  //P3 = 0xC8;
 109   2                  AA = 1;
 110   2                  break;        
 111   2          }
 112   1      
 113   1          SI = 0;
 114   1      //    while(STO);
 115   1      }
 116          
 117          //========================================================================================================
 118          void Init_I2C(void)
 119          {
 120   1          P13_Quasi_Mode;                         //set SCL (P13) is Quasi mode
 121   1          P14_Quasi_Mode;                         //set SDA (P14) is Quasi mode
 122   1          
 123   1          SDA = 1;                                //set SDA and SCL pins high
 124   1          SCL = 1;
 125   1          
 126   1          set_P0SR_6;                             //set SCL (P06) is  Schmitt triggered input select.
 127   1          
 128   1          set_EI2C;                               //enable I2C interrupt by setting IE1 bit 0
 129   1          set_EA;
 130   1      
 131   1          I2ADDR = EEPROM_SLA;                    //define own slave address
 132   1          set_I2CEN;                              //enable I2C circuit
 133   1          set_AA;
 134   1      }
 135          
 136          //========================================================================================================
 137          void main(void)
 138          {
 139   1      
 140   1          Set_All_GPIO_Quasi_Mode;
 141   1          
 142   1          /* Initial I2C function */
 143   1          Init_I2C();                                 //initial I2C circuit
 144   1      
 145   1          while (1);
 146   1      /* =================== */
 147   1      }
 148          


MODULE INFORMATION:   STATIC OVERLAYABLE
   CODE SIZE        =    208    ----
   CONSTANT SIZE    =   ----    ----
   XDATA SIZE       =   ----    ----
   PDATA SIZE       =   ----    ----
   DATA SIZE        =     35    ----
   IDATA SIZE       =   ----    ----
   BIT SIZE         =   ----    ----
END OF MODULE INFORMATION.


C51 COMPILATION COMPLETE.  0 WARNING(S),  0 ERROR(S)
