C51 COMPILER V9.52.0.0   PRINT_UART1                                                       01/09/2018 15:28:43 PAGE 1   


C51 COMPILER V9.52.0.0, COMPILATION OF MODULE PRINT_UART1
OBJECT MODULE PLACED IN .\Output\Print_UART1.obj
COMPILER INVOKED BY: C:\Keil\C51\BIN\C51.EXE Code\Print_UART1.C OPTIMIZE(4,SPEED) BROWSE INCDIR(..\..\Include) DEFINE(FO
                    -SC_160000) DEBUG OBJECTEXTEND PRINT(.\LST\Print_UART1.lst) TABS(2) OBJECT(.\Output\Print_UART1.obj)

line level    source

   1          /*--------------------------------------------------------------------------------------------------------
             --*/
   2          /*                                                                                                        
             - */
   3          /* Copyright(c) 2017 Nuvoton Technology Corp. All rights reserved.                                        
             - */
   4          /*                                                                                                        
             - */
   5          /*--------------------------------------------------------------------------------------------------------
             --*/
   6          
   7          //********************************************************************************************************
             -***
   8          //  Website: http://www.nuvoton.com
   9          //  E-Mail : MicroC-8bit@nuvoton.com
  10          //  Date   : Jan/21/2017
  11          //********************************************************************************************************
             -***
  12          
  13          //********************************************************************************************************
             -***
  14          //  File Function: N76E003 GPIO demo code
  15          //********************************************************************************************************
             -***
  16          #include "N76E003.h"
  17          #include "SFR_Macro.h"
  18          #include "Function_define.h"
  19          #include "Common.h"
  20          #include "Delay.h"
  21          
  22          
  23          unsigned char temp _at_ 0x08;
  24          unsigned char idata itemp _at_ 0x80;
  25          unsigned char xdata xtemp _at_ 0x80;
  26          
  27          /*==========================================================================*/
  28          void main (void) 
  29          {
  30   1          set_CLOEN;
  31   1          Set_All_GPIO_Quasi_Mode;          // Define in Function_define.h
  32   1          InitialUART1_Timer3(115200);
  33   1          temp = 0x35;
  34   1          while(1)
  35   1          {
  36   2            printf("\n temp= 0x%bX",temp);
  37   2            Timer0_Delay1ms(100);
  38   2          }
  39   1      }


MODULE INFORMATION:   STATIC OVERLAYABLE
   CODE SIZE        =     54    ----
   CONSTANT SIZE    =     14    ----
   XDATA SIZE       =   ----    ----
C51 COMPILER V9.52.0.0   PRINT_UART1                                                       01/09/2018 15:28:43 PAGE 2   

   PDATA SIZE       =   ----    ----
   DATA SIZE        =   ----    ----
   IDATA SIZE       =   ----    ----
   BIT SIZE         =   ----    ----
END OF MODULE INFORMATION.


C51 COMPILATION COMPLETE.  0 WARNING(S),  0 ERROR(S)
