C51 COMPILER V9.52.0.0   TIMER01_M1                                                        07/06/2017 11:42:51 PAGE 1   


C51 COMPILER V9.52.0.0, COMPILATION OF MODULE TIMER01_M1
OBJECT MODULE PLACED IN .\Output\Timer01_M1.obj
COMPILER INVOKED BY: C:\Keil\C51\BIN\C51.EXE Code\Timer01_M1.c BROWSE INCDIR(..\..\Include) DEFINE(FOSC_160000) DEBUG OB
                    -JECTEXTEND PRINT(.\LST\Timer01_M1.lst) TABS(2) OBJECT(.\Output\Timer01_M1.obj)

line level    source

   1          /*--------------------------------------------------------------------------------------------------------
             --*/
   2          /*                                                                                                        
             - */
   3          /* Copyright(c) 2017 Nuvoton Technology Corp. All rights reserved.                                        
             - */
   4          /*                                                                                                        
             - */
   5          /*--------------------------------------------------------------------------------------------------------
             --*/
   6          
   7          //********************************************************************************************************
             -***
   8          //  Nuvoton Technoledge Corp. 
   9          //  Website: http://www.nuvoton.com
  10          //  E-Mail : MicroC-8bit@nuvoton.com
  11          //  Date   : Apr/21/2017
  12          //********************************************************************************************************
             -***
  13          
  14          //********************************************************************************************************
             -***
  15          //  File Function: N76E003 Timer0/1 Mode1 demo code
  16          //********************************************************************************************************
             -***
  17          #include "N76E003.h"
  18          #include "Common.h"
  19          #include "Delay.h"
  20          #include "SFR_Macro.h"
  21          #include "Function_define.h"
  22          
  23          //*****************  The Following is in define in Fucntion_define.h  ***************************
  24          //****** Always include Function_define.h call the define you want, detail see main(void) *******
  25          //***********************************************************************************************
  26          #if 0
              //#define   TIMER0_MODE0_ENABLE   TMOD&=0x0F
              //#define   TIMER0_MODE1_ENABLE   TMOD&=0x0F;TMOD|=0x10
              //#define   TIMER0_MODE2_ENABLE   TMOD&=0x0F;TMOD|=0x20
              //#define   TIMER0_MODE3_ENABLE   TMOD&=0x0F;TMOD|=0x3F
              
              //#define   TIMER1_MODE0_ENABLE   TMOD&=0xF0
              //#define   TIMER1_MODE1_ENABLE   TMOD&=0xF0;TMOD|=0x01
              //#define   TIMER1_MODE2_ENABLE   TMOD&=0xF0;TMOD|=0x02
              //#define   TIMER1_MODE3_ENABLE   TMOD&=0xF0;TMOD|=0xF3
              #endif
  37          
  38          #define TH0_INIT        50000 
  39          #define TL0_INIT        50000
  40          #define TH1_INIT        25000 
  41          #define TL1_INIT        25000
  42          
  43          UINT8 u8TH0_Tmp,u8TL0_Tmp,u8TH1_Tmp,u8TL1_Tmp;
  44          /*********************************************************************************************************
             -***
C51 COMPILER V9.52.0.0   TIMER01_M1                                                        07/06/2017 11:42:51 PAGE 2   

  45          *    TIMER 0 interrupt subroutine
  46          **********************************************************************************************************
             -**/
  47          void Timer0_ISR (void) interrupt 1  //interrupt address is 0x000B
  48          {
  49   1          TH0 = u8TH0_Tmp;
  50   1          TL0 = u8TL0_Tmp;    
  51   1          
  52   1          P12 = ~P12;                     // GPIO1 toggle when interrupt
  53   1      }
  54          
  55          /*********************************************************************************************************
             -***
  56          *    TIMER 1 interrupt subroutine
  57          **********************************************************************************************************
             -**/
  58          void Timer1_ISR (void) interrupt 3  //interrupt address is 0x001B
  59          {
  60   1          TH1 = u8TH1_Tmp;
  61   1          TL1 = u8TL1_Tmp;   
  62   1      
  63   1          P03 = ~P03;                     //P0.3 toggle when interrupt
  64   1      }
  65          /*********************************************************************************************************
             -***
  66          *    Main function 
  67          **********************************************************************************************************
             -**/
  68          void main (void)
  69          {
  70   1         
  71   1          Set_All_GPIO_Quasi_Mode;
  72   1          TIMER0_MODE1_ENABLE;
  73   1          TIMER1_MODE1_ENABLE;
  74   1      
  75   1          clr_T1M;
  76   1          //set_T1M;
  77   1      
  78   1          u8TH0_Tmp = (65536-TH0_INIT)/256;
  79   1          u8TL0_Tmp = (65536-TL0_INIT)%256;    
  80   1          u8TH1_Tmp = (65536-TH1_INIT)/256;
  81   1          u8TL1_Tmp = (65536-TL1_INIT)%256;
  82   1          
  83   1          TH0 = u8TH0_Tmp;
  84   1          TL0 = u8TL0_Tmp;
  85   1          TH1 = u8TH1_Tmp;
  86   1          TL1 = u8TL1_Tmp;
  87   1          
  88   1          set_ET0;                                    //enable Timer0 interrupt
  89   1          set_ET1;                                    //enable Timer1 interrupt
  90   1          set_EA;                                     //enable interrupts
  91   1          set_TR0;                                    //Timer0 run
  92   1          set_TR1;                                    //Timer1 run
  93   1          while(1);
  94   1      }
  95          


MODULE INFORMATION:   STATIC OVERLAYABLE
   CODE SIZE        =     82    ----
   CONSTANT SIZE    =   ----    ----
   XDATA SIZE       =   ----    ----
C51 COMPILER V9.52.0.0   TIMER01_M1                                                        07/06/2017 11:42:51 PAGE 3   

   PDATA SIZE       =   ----    ----
   DATA SIZE        =      4    ----
   IDATA SIZE       =   ----    ----
   BIT SIZE         =   ----    ----
END OF MODULE INFORMATION.


C51 COMPILATION COMPLETE.  0 WARNING(S),  0 ERROR(S)
