C51 COMPILER V9.52.0.0   UART0_MODE_3                                                      07/06/2017 11:46:44 PAGE 1   


C51 COMPILER V9.52.0.0, COMPILATION OF MODULE UART0_MODE_3
OBJECT MODULE PLACED IN .\Output\UART0_mode_3.obj
COMPILER INVOKED BY: C:\Keil\C51\BIN\C51.EXE Source\UART0_mode_3.c BROWSE INCDIR(..\..\Include) DEFINE(FOSC_160000) DEBU
                    -G OBJECTEXTEND PRINT(.\LST\UART0_mode_3.lst) TABS(2) OBJECT(.\Output\UART0_mode_3.obj)

line level    source

   1          /*--------------------------------------------------------------------------------------------------------
             --*/
   2          /*                                                                                                        
             - */
   3          /* Copyright(c) 2017 Nuvoton Technology Corp. All rights reserved.                                        
             - */
   4          /*                                                                                                        
             - */
   5          /*--------------------------------------------------------------------------------------------------------
             --*/
   6          
   7          //********************************************************************************************************
             -***
   8          //  Nuvoton Technoledge Corp. 
   9          //  Website: http://www.nuvoton.com
  10          //  E-Mail : MicroC-8bit@nuvoton.com
  11          //  Date   : Apr/21/2017
  12          //********************************************************************************************************
             -***
  13          
  14          //********************************************************************************************************
             -***
  15          //  File Function: N76E003 UART-0 Mode3 demo code
  16          //********************************************************************************************************
             -***
  17          #include "N76E003.h"
  18          #include "SFR_Macro.h"
  19          #include "Common.h"
  20          #include "Delay.h"
  21          #include "Function_define.h"
  22          
  23          #define BUFFER_SIZE   16
  24          UINT8  UART_BUFFER[BUFFER_SIZE],temp;
  25          UINT16 u16CNT=0,u16CNT1=0;
  26          bit riflag;
  27          
  28          
  29          /**
  30           * FUNCTION_PURPOSE: serial interrupt, echo received data.
  31           * FUNCTION_INPUTS: P0.7(RXD) serial input
  32           * FUNCTION_OUTPUTS: P0.6(TXD) serial output
  33           */
  34          void SerialPort0_ISR(void) interrupt 4 
  35          {
  36   1          if (RI==1) 
  37   1          {                                       /* if reception occur */
  38   2              clr_RI;                             /* clear reception flag for next reception */
  39   2              UART_BUFFER[u16CNT] = SBUF;
  40   2              u16CNT ++;
  41   2              riflag =1;
  42   2          }
  43   1          if(TI==1)
  44   1          {
  45   2              clr_TI;                             /* if emission occur */
C51 COMPILER V9.52.0.0   UART0_MODE_3                                                      07/06/2017 11:46:44 PAGE 2   

  46   2          }
  47   1      }
  48          
  49          /*********************************************************************************************************
             -***
  50          *    Main function 
  51          **********************************************************************************************************
             -**/
  52          void main (void)
  53          {
  54   1          P12_PushPull_Mode;
  55   1          P06_Quasi_Mode;
  56   1          P07_Quasi_Mode;
  57   1        
  58   1          SCON = 0xD0;      // Special setting the mode 3 and 
  59   1          TMOD |= 0x20;     //Timer1 Mode1
  60   1          
  61   1          set_SMOD;         //UART0 Double Rate Enable
  62   1          set_T1M;
  63   1          clr_BRCK;         //Serial port 0 baud rate clock source = Timer1
  64   1          TH1 = 256 - (1000000/115200+1);               /*16 MHz */
  65   1          set_TR1;
  66   1        
  67   1          set_RB8;          //This bit is for setting the stop bit 2 high/low status, 
  68   1        
  69   1          clr_TI; 
  70   1          set_ES;           //enable UART interrupt
  71   1          set_EA;           //enable global interrupt
  72   1      
  73   1          while(1)
  74   1          {
  75   2            if (riflag)
  76   2            {
  77   3              P12 = ~P12;   //In debug mode check UART_BUFFER[u16CNT] to check receive data
  78   3              riflag = 0;
  79   3            }
  80   2          }
  81   1        
  82   1      }
  83          


MODULE INFORMATION:   STATIC OVERLAYABLE
   CODE SIZE        =     98    ----
   CONSTANT SIZE    =   ----    ----
   XDATA SIZE       =   ----    ----
   PDATA SIZE       =   ----    ----
   DATA SIZE        =     21    ----
   IDATA SIZE       =   ----    ----
   BIT SIZE         =      1    ----
END OF MODULE INFORMATION.


C51 COMPILATION COMPLETE.  0 WARNING(S),  0 ERROR(S)
