C51 COMPILER V9.52.0.0   DELAY                                                             11/21/2016 16:55:55 PAGE 1   


C51 COMPILER V9.52.0.0, COMPILATION OF MODULE DELAY
OBJECT MODULE PLACED IN .\Output\Delay.obj
COMPILER INVOKED BY: C:\Keil\C51\BIN\C51.EXE ..\..\Common\Delay.c BROWSE INCDIR(..\..\Include) DEFINE(FOSC_160000) DEBUG
                    - OBJECTEXTEND PRINT(.\LST\Delay.lst) TABS(2) OBJECT(.\Output\Delay.obj)

line level    source

   1          /*--------------------------------------------------------------------------------------------------------
             --*/
   2          /*                                                                                                        
             - */
   3          /* Copyright(c) 2016 Nuvoton Technology Corp. All rights reserved.                                        
             - */
   4          /*                                                                                                        
             - */
   5          /*--------------------------------------------------------------------------------------------------------
             --*/
   6          
   7          //********************************************************************************************************
             -***
   8          //  Nuvoton Technoledge Corp. 
   9          //  Website: http://www.nuvoton.com
  10          //  E-Mail : MicroC-8bit@nuvoton.com
  11          //  Date   : Apr/21/2016
  12          //********************************************************************************************************
             -***
  13          
  14          #include "N76E003.h"
  15          #include "Common.h"
  16          #include "Delay.h"
  17          #include "SFR_Macro.h"
  18          #include "Function_define.h"
  19          bit BIT_TMP;
  20          
  21          //-------------------------------------------------------------------------
  22          void Timer0_Delay100us(UINT32 u32CNT)
  23          {
  24   1          clr_T0M;                                    //T0M=0, Timer0 Clock = Fsys/12
  25   1          TMOD |= 0x01;                               //Timer0 is 16-bit mode
  26   1          set_TR0;                                    //Start Timer0
  27   1          while (u32CNT != 0)
  28   1          {
  29   2              TL0 = LOBYTE(TIMER_DIV12_VALUE_100us);  //Find  define in "Function_define.h" "TIMER VALUE"
  30   2              TH0 = HIBYTE(TIMER_DIV12_VALUE_100us);
  31   2              while (TF0 != 1);                       //Check Timer0 Time-Out Flag
  32   2              clr_TF0;
  33   2              u32CNT --;
  34   2          }
  35   1          clr_TR0;                                    //Stop Timer0
  36   1      }
  37          //------------------------------------------------------------------------------
  38          void Timer0_Delay1ms(UINT32 u32CNT)
  39          {
  40   1          clr_T0M;                                    //T0M=0, Timer0 Clock = Fsys/12
  41   1          TMOD |= 0x01;                               //Timer0 is 16-bit mode
  42   1          set_TR0;                                    //Start Timer0
  43   1          while (u32CNT != 0)
  44   1          {
  45   2              TL0 = LOBYTE(TIMER_DIV12_VALUE_1ms);    //Find  define in "Function_define.h" "TIMER VALUE"
  46   2              TH0 = HIBYTE(TIMER_DIV12_VALUE_1ms);
  47   2              while (TF0 != 1);                       //Check Timer0 Time-Out Flag
C51 COMPILER V9.52.0.0   DELAY                                                             11/21/2016 16:55:55 PAGE 2   

  48   2              clr_TF0;
  49   2              u32CNT --;
  50   2          }
  51   1          clr_TR0;                                    //Stop Timer0
  52   1      }
  53          //------------------------------------------------------------------------------
  54          void Timer1_Delay10ms(UINT32 u32CNT)
  55          {
  56   1          clr_T1M;                                    //T1M=0, Timer1 Clock = Fsys/12
  57   1          TMOD |= 0x10;                               //Timer1 is 16-bit mode
  58   1          set_TR1;                                    //Start Timer1
  59   1          while (u32CNT != 0)
  60   1          {
  61   2              TL1 = LOBYTE(TIMER_DIV12_VALUE_10ms);   //Find  define in "Function_define.h" "TIMER VALUE"
  62   2              TH1 = HIBYTE(TIMER_DIV12_VALUE_10ms);
  63   2              while (TF1 != 1);                       //Check Timer1 Time-Out Flag
  64   2              clr_TF1;
  65   2              u32CNT --;
  66   2          }
  67   1          clr_TR1;                                    //Stop Timer1
  68   1      }
  69          //------------------------------------------------------------------------------
  70          void Timer2_Delay500us(UINT32 u32CNT)
  71          {
  72   1          clr_T2DIV2;                                 //Timer2 Clock = Fsys/4 
  73   1          clr_T2DIV1;
  74   1          set_T2DIV0;
  75   1          set_TR2;                                    //Start Timer2
  76   1          while (u32CNT != 0)
  77   1          {
  78   2              TL2 = LOBYTE(TIMER_DIV4_VALUE_500us);   //Find  define in "Function_define.h" "TIMER VALUE"
  79   2              TH2 = HIBYTE(TIMER_DIV4_VALUE_500us);
  80   2              while (TF2 != 1);                       //Check Timer2 Time-Out Flag
  81   2              clr_TF2;
  82   2              u32CNT --;
  83   2          }
  84   1          clr_TR2;                                    //Stop Timer2
  85   1      }
  86          //------------------------------------------------------------------------------
  87          void Timer3_Delay100ms(UINT32 u32CNT)
  88          {
  89   1          T3CON = 0x07;                               //Timer3 Clock = Fsys/128
  90   1          set_TR3;                                    //Trigger Timer3
  91   1          while (u32CNT != 0)
  92   1          {
  93   2              RL3 = LOBYTE(TIMER_DIV128_VALUE_100ms); //Find  define in "Function_define.h" "TIMER VALUE"
  94   2              RH3 = HIBYTE(TIMER_DIV128_VALUE_100ms);
  95   2              while ((T3CON&SET_BIT4) != SET_BIT4);   //Check Timer3 Time-Out Flag
  96   2              clr_TF3;
  97   2              u32CNT --;
  98   2          }
  99   1          clr_TR3;                                    //Stop Timer3
 100   1      }


MODULE INFORMATION:   STATIC OVERLAYABLE
   CODE SIZE        =    380    ----
   CONSTANT SIZE    =   ----    ----
   XDATA SIZE       =   ----    ----
   PDATA SIZE       =   ----    ----
   DATA SIZE        =   ----      20
   IDATA SIZE       =   ----    ----
C51 COMPILER V9.52.0.0   DELAY                                                             11/21/2016 16:55:55 PAGE 3   

   BIT SIZE         =      1    ----
END OF MODULE INFORMATION.


C51 COMPILATION COMPLETE.  0 WARNING(S),  0 ERROR(S)
