C51 COMPILER V9.52.0.0   CONST                                                             07/04/2017 16:00:13 PAGE 1   


C51 COMPILER V9.52.0.0, COMPILATION OF MODULE CONST
OBJECT MODULE PLACED IN .\Output\CONST.obj
COMPILER INVOKED BY: C:\Keil\C51\BIN\C51.EXE Code\CONST.C BROWSE INCDIR(..\..\Include) DEFINE(FOSC_160000) DEBUG OBJECTE
                    -XTEND PRINT(.\LST\CONST.lst) TABS(2) OBJECT(.\Output\CONST.obj)

line level    source

   1          /*--------------------------------------------------------------------------------------------------------
             --*/
   2          /*                                                                                                        
             - */
   3          /* Copyright(c) 2017 Nuvoton Technology Corp. All rights reserved.                                        
             - */
   4          /*                                                                                                        
             - */
   5          /*--------------------------------------------------------------------------------------------------------
             --*/
   6          
   7          //********************************************************************************************************
             -***
   8          //  Website: http://www.nuvoton.com
   9          //  E-Mail : MicroC-8bit@nuvoton.com
  10          //  Date   : Jan/21/2017
  11          //********************************************************************************************************
             -***
  12          
  13          //********************************************************************************************************
             -***
  14          //  File Function: N76E003 GPIO demo code
  15          //********************************************************************************************************
             -***
  16          #include "N76E003.h"
  17          #include "SFR_Macro.h"
  18          #include "Function_define.h"
  19          #include "Common.h"
  20          #include "Delay.h"
  21          
  22          unsigned char code protect [] = { 
  23          00,02,05,07
  24          }; 
  25          
  26          
  27          void main (void) 
  28          {
  29   1        unsigned char temp;
  30   1          unsigned char lcd_word;
  31   1        Set_All_GPIO_Quasi_Mode;          // Define in Function_define.h
  32   1      
  33   1        while(1)
  34   1        {
  35   2          P0 = 0x00;
  36   2          P2 = 0x00;
  37   2          P1 = 0x00;
  38   2          Timer0_Delay1ms(30);
  39   2          P0 = 0xff;
  40   2          P2 = 0xff;
  41   2          P1 = 0xff;
  42   2          Timer0_Delay1ms(30);
  43   2          P0 = 0x00;
  44   2          P2 = 0x00;
  45   2          P1 = 0x00;
C51 COMPILER V9.52.0.0   CONST                                                             07/04/2017 16:00:13 PAGE 2   

  46   2          Timer0_Delay1ms(30);
  47   2          P0 = 0xff;
  48   2          P2 = 0xff;
  49   2          P1 = 0xff;
  50   2          Timer0_Delay1ms(30);
  51   2          P0 = 0x00;
  52   2          P2 = 0x00;
  53   2          P1 = 0x00;
  54   2          P0 = 0XFF;
  55   2        
  56   2        }
  57   1      
  58   1      }
*** WARNING C280 IN LINE 29 OF Code\CONST.C: 'temp': unreferenced local variable
*** WARNING C280 IN LINE 30 OF Code\CONST.C: 'lcd_word': unreferenced local variable
  59          
  60          
  61          


MODULE INFORMATION:   STATIC OVERLAYABLE
   CODE SIZE        =     95    ----
   CONSTANT SIZE    =      4    ----
   XDATA SIZE       =   ----    ----
   PDATA SIZE       =   ----    ----
   DATA SIZE        =   ----       2
   IDATA SIZE       =   ----    ----
   BIT SIZE         =   ----    ----
END OF MODULE INFORMATION.


C51 COMPILATION COMPLETE.  2 WARNING(S),  0 ERROR(S)
