C51 COMPILER V9.52.0.0   CAPTURE                                                           07/06/2017 11:44:33 PAGE 1   


C51 COMPILER V9.52.0.0, COMPILATION OF MODULE CAPTURE
OBJECT MODULE PLACED IN .\Output\Capture.obj
COMPILER INVOKED BY: C:\Keil\C51\BIN\C51.EXE Code\Capture.c BROWSE INCDIR(..\..\Include) DEFINE(FOSC_160000) DEBUG OBJEC
                    -TEXTEND PRINT(.\LST\Capture.lst) TABS(2) OBJECT(.\Output\Capture.obj)

line level    source

   1          /*--------------------------------------------------------------------------------------------------------
             --*/
   2          /*                                                                                                        
             - */
   3          /* Copyright(c) 2017 Nuvoton Technology Corp. All rights reserved.                                        
             - */
   4          /*                                                                                                        
             - */
   5          /*--------------------------------------------------------------------------------------------------------
             --*/
   6          
   7          //********************************************************************************************************
             -***
   8          //  Nuvoton Technoledge Corp. 
   9          //  Website: http://www.nuvoton.com
  10          //  E-Mail : MicroC-8bit@nuvoton.com
  11          //  Date   : Apr/21/2017
  12          //********************************************************************************************************
             -***
  13          
  14          //********************************************************************************************************
             -***
  15          //  File Function: N76E003 Timer2 Capture Mode demo code
  16          //********************************************************************************************************
             -***
  17          #include "N76E003.h"
  18          #include "Common.h"
  19          #include "Delay.h"
  20          #include "SFR_Macro.h"
  21          #include "Function_define.h"
  22          
  23          //*****************  The Following is in define in Fucntion_define.h  ***************************
  24          //****** Always include Function_define.h call the define you want, detail see main(void) *******
  25          //***********************************************************************************************
  26          #if 0
              
              ////-------------------- Timer2 Capture define --------------------
              ////--- Falling Edge -----
              //#define IC0_P12_CAP0_FallingEdge_Capture    CAPCON1&=0xFC;CAPCON3&=0xF0;CAPCON0|=SET_BIT4;CAPCON2|=SET_BIT
             -4
              //#define IC1_P11_CAP0_FallingEdge_Capture    CAPCON1&=0xFC;CAPCON3&=0xF0;CAPCON3|=0x01;CAPCON0|=SET_BIT4;CA
             -PCON2|=SET_BIT4
              //#define IC2_P10_CAP0_FallingEdge_Capture    CAPCON1&=0xFC;CAPCON3&=0xF0;CAPCON3|=0x02;CAPCON0|=SET_BIT4;CA
             -PCON2|=SET_BIT4
              //#define IC3_P00_CAP0_FallingEdge_Capture    CAPCON1&=0xFC;CAPCON3&=0xF0;CAPCON3|=0x03;CAPCON0|=SET_BIT4;CA
             -PCON2|=SET_BIT4
              //#define IC3_P04_CAP0_FallingEdge_Capture    CAPCON1&=0xFC;CAPCON3&=0xF0;CAPCON3|=0x04;CAPCON0|=SET_BIT4;CA
             -PCON2|=SET_BIT4
              //#define IC4_P01_CAP0_FallingEdge_Capture    CAPCON1&=0xFC;CAPCON3&=0xF0;CAPCON3|=0x05;CAPCON0|=SET_BIT4;CA
             -PCON2|=SET_BIT4
              //#define IC5_P03_CAP0_FallingEdge_Capture    CAPCON1&=0xFC;CAPCON3&=0xF0;CAPCON3|=0x06;CAPCON0|=SET_BIT4;CA
             -PCON2|=SET_BIT4
              //#define IC6_P05_CAP0_FallingEdge_Capture    CAPCON1&=0xFC;CAPCON3&=0xF0;CAPCON3|=0x07;CAPCON0|=SET_BIT4;CA
             -PCON2|=SET_BIT4
C51 COMPILER V9.52.0.0   CAPTURE                                                           07/06/2017 11:44:33 PAGE 2   

              //#define IC7_P15_CAP0_FallingEdge_Capture    CAPCON1&=0xFC;CAPCON3&=0xF0;CAPCON3|=0x08;CAPCON0|=SET_BIT4;CA
             -PCON2|=SET_BIT4
              
              //#define IC0_P12_CAP1_FallingEdge_Capture    CAPCON1&=0xF3;CAPCON3&=0x0F;CAPCON0|=SET_BIT5;CAPCON2|=SET_BIT
             -5
              //#define IC1_P11_CAP1_FallingEdge_Capture    CAPCON1&=0xF3;CAPCON3&=0x0F;CAPCON3|=0x10;CAPCON0|=SET_BIT5;CA
             -PCON0|=SET_BIT5
              //#define IC2_P10_CAP1_FallingEdge_Capture    CAPCON1&=0xF3;CAPCON3&=0x0F;CAPCON3|=0x20;CAPCON0|=SET_BIT5;CA
             -PCON2|=SET_BIT5
              //#define IC3_P00_CAP1_FallingEdge_Capture    CAPCON1&=0xF3;CAPCON3&=0x0F;CAPCON3|=0x30;CAPCON0|=SET_BIT5;CA
             -PCON2|=SET_BIT5
              //#define IC3_P04_CAP1_FallingEdge_Capture    CAPCON1&=0xF3;CAPCON3&=0x0F;CAPCON3|=0x40;CAPCON0|=SET_BIT5;CA
             -PCON2|=SET_BIT5
              //#define IC4_P01_CAP1_FallingEdge_Capture    CAPCON1&=0xF3;CAPCON3&=0x0F;CAPCON3|=0x50;CAPCON0|=SET_BIT5;CA
             -PCON2|=SET_BIT5
              //#define IC5_P03_CAP1_FallingEdge_Capture    CAPCON1&=0xF3;CAPCON3&=0x0F;CAPCON3|=0x60;CAPCON0|=SET_BIT5;CA
             -PCON2|=SET_BIT5
              //#define IC6_P05_CAP1_FallingEdge_Capture    CAPCON1&=0xF3;CAPCON3&=0x0F;CAPCON3|=0x70;CAPCON0|=SET_BIT5;CA
             -PCON2|=SET_BIT5
              //#define IC7_P15_CAP1_FallingEdge_Capture    CAPCON1&=0xF3;CAPCON3&=0x0F;CAPCON3|=0x80;CAPCON0|=SET_BIT5;CA
             -PCON2|=SET_BIT5
              
              //#define IC0_P12_CAP2_FallingEdge_Capture    CAPCON1&=0x0F;CAPCON4&=0xF0;CAPCON0|=SET_BIT6;CAPCON2|=SET_BIT
             -6
              //#define IC1_P11_CAP2_FallingEdge_Capture    CAPCON1&=0x0F;CAPCON4&=0xF0;CAPCON4|=0x10;CAPCON0|=SET_BIT6;CA
             -PCON2|=SET_BIT6
              //#define IC2_P10_CAP2_FallingEdge_Capture    CAPCON1&=0x0F;CAPCON4&=0xF0;CAPCON4|=0x20;CAPCON0|=SET_BIT6;CA
             -PCON2|=SET_BIT6
              //#define IC3_P00_CAP2_FallingEdge_Capture    CAPCON1&=0x0F;CAPCON4&=0xF0;CAPCON4|=0x30;CAPCON0|=SET_BIT6;CA
             -PCON2|=SET_BIT6
              //#define IC3_P04_CAP2_FallingEdge_Capture    CAPCON1&=0x0F;CAPCON4&=0xF0;CAPCON4|=0x40;CAPCON0|=SET_BIT6;CA
             -PCON2|=SET_BIT6
              //#define IC4_P01_CAP2_FallingEdge_Capture    CAPCON1&=0x0F;CAPCON4&=0xF0;CAPCON4|=0x50;CAPCON0|=SET_BIT6;CA
             -PCON2|=SET_BIT6
              //#define IC5_P03_CAP2_FallingEdge_Capture    CAPCON1&=0x0F;CAPCON4&=0xF0;CAPCON4|=0x60;CAPCON0|=SET_BIT6;CA
             -PCON2|=SET_BIT6
              //#define IC6_P05_CAP2_FallingEdge_Capture    CAPCON1&=0x0F;CAPCON4&=0xF0;CAPCON4|=0x70;CAPCON0|=SET_BIT6;CA
             -PCON2|=SET_BIT6
              //#define IC7_P15_CAP2_FallingEdge_Capture    CAPCON1&=0x0F;CAPCON4&=0xF0;CAPCON4|=0x80;CAPCON0|=SET_BIT6;CA
             -PCON2|=SET_BIT6
              
              ////----- Rising edge ----
              //#define IC0_P12_CAP0_RisingEdge_Capture     CAPCON1&=0xFC;CAPCON1|=0x01;CAPCON3&=0xF0CAPCON0|=SET_BIT4;CAP
             -CON2|=SET_BIT4;
              //#define IC1_P11_CAP0_RisingEdge_Capture     CAPCON1&=0xFC;CAPCON1|=0x01;CAPCON3&=0xF0;CAPCON3|=0x01;CAPCON
             -0|=SET_BIT4;CAPCON2|=SET_BIT4;
              //#define IC2_P10_CAP0_RisingEdge_Capture     CAPCON1&=0xFC;CAPCON1|=0x01;CAPCON3&=0xF0;CAPCON3|=0x02;CAPCON
             -0|=SET_BIT4;CAPCON2|=SET_BIT4;
              //#define IC3_P00_CAP0_RisingEdge_Capture     CAPCON1&=0xFC;CAPCON1|=0x01;CAPCON3&=0xF0;CAPCON3|=0x03;CAPCON
             -0|=SET_BIT4;CAPCON2|=SET_BIT4;
              //#define IC3_P04_CAP0_RisingEdge_Capture     CAPCON1&=0xFC;CAPCON1|=0x01;CAPCON3&=0xF0;CAPCON3|=0x04;CAPCON
             -0|=SET_BIT4;CAPCON2|=SET_BIT4;
              //#define IC4_P01_CAP0_RisingEdge_Capture     CAPCON1&=0xFC;CAPCON1|=0x01;CAPCON3&=0xF0;CAPCON3|=0x05;CAPCON
             -0|=SET_BIT4;CAPCON2|=SET_BIT4;
              //#define IC5_P03_CAP0_RisingEdge_Capture     CAPCON1&=0xFC;CAPCON1|=0x01;CAPCON3&=0xF0;CAPCON3|=0x06;CAPCON
             -0|=SET_BIT4;CAPCON2|=SET_BIT4;
              //#define IC6_P05_CAP0_RisingEdge_Capture     CAPCON1&=0xFC;CAPCON1|=0x01;CAPCON3&=0xF0;CAPCON3|=0x07;CAPCON
             -0|=SET_BIT4;CAPCON2|=SET_BIT4;
              //#define IC7_P15_CAP0_RisingEdge_Capture     CAPCON1&=0xFC;CAPCON1|=0x01;CAPCON3&=0xF0;CAPCON3|=0x08;CAPCON
             -0|=SET_BIT4;CAPCON2|=SET_BIT4;
              
              //#define IC0_P12_CAP1_RisingEdge_Capture     CAPCON1&=0xF3;CAPCON1|=0x04;CAPCON3&=0x0FCAPCON0|=SET_BIT5;CAP
C51 COMPILER V9.52.0.0   CAPTURE                                                           07/06/2017 11:44:33 PAGE 3   

             -CON2|=SET_BIT5;
              //#define IC1_P11_CAP1_RisingEdge_Capture     CAPCON1&=0xF3;CAPCON1|=0x04;CAPCON3&=0x0F;CAPCON3|=0x10;CAPCON
             -0|=SET_BIT5;CAPCON2|=SET_BIT5;
              //#define IC2_P10_CAP1_RisingEdge_Capture     CAPCON1&=0xF3;CAPCON1|=0x04;CAPCON3&=0x0F;CAPCON3|=0x20;CAPCON
             -0|=SET_BIT5;CAPCON2|=SET_BIT5;
              //#define IC3_P00_CAP1_RisingEdge_Capture     CAPCON1&=0xF3;CAPCON1|=0x04;CAPCON3&=0x0F;CAPCON3|=0x30;CAPCON
             -0|=SET_BIT5;CAPCON2|=SET_BIT5;
              //#define IC3_P04_CAP1_RisingEdge_Capture     CAPCON1&=0xF3;CAPCON1|=0x04;CAPCON3&=0x0F;CAPCON3|=0x40;CAPCON
             -0|=SET_BIT5;CAPCON2|=SET_BIT5;
              //#define IC4_P01_CAP1_RisingEdge_Capture     CAPCON1&=0xF3;CAPCON1|=0x04;CAPCON3&=0x0F;CAPCON3|=0x50;CAPCON
             -0|=SET_BIT5;CAPCON2|=SET_BIT5;
              //#define IC5_P03_CAP1_RisingEdge_Capture     CAPCON1&=0xF3;CAPCON1|=0x04;CAPCON3&=0x0F;CAPCON3|=0x60;CAPCON
             -0|=SET_BIT5;CAPCON2|=SET_BIT5;
              //#define IC6_P05_CAP1_RisingEdge_Capture     CAPCON1&=0xF3;CAPCON1|=0x04;CAPCON3&=0x0F;CAPCON3|=0x70;CAPCON
             -0|=SET_BIT5;CAPCON2|=SET_BIT5;
              //#define IC7_P15_CAP1_RisingEdge_Capture     CAPCON1&=0xF3;CAPCON1|=0x04;CAPCON3&=0x0F;CAPCON3|=0x80;CAPCON
             -0|=SET_BIT5;CAPCON2|=SET_BIT5;
              
              //#define IC0_P12_CAP3_RisingEdge_Capture     CAPCON1&=0x0F;CAPCON1|=0x10;CAPCON4&=0xF0;CAPCON0|=SET_BIT6;CA
             -PCON2|=SET_BIT6;
              //#define IC1_P11_CAP3_RisingEdge_Capture     CAPCON1&=0x0F;CAPCON1|=0x10;CAPCON4&=0xF0;CAPCON4|=0x01;CAPCON
             -0|=SET_BIT6;CAPCON2|=SET_BIT6;
              //#define IC2_P10_CAP3_RisingEdge_Capture     CAPCON1&=0x0F;CAPCON1|=0x10;CAPCON4&=0xF0;CAPCON4|=0x02;CAPCON
             -0|=SET_BIT6;CAPCON2|=SET_BIT6;
              //#define IC3_P00_CAP3_RisingEdge_Capture     CAPCON1&=0x0F;CAPCON1|=0x10;CAPCON4&=0xF0;CAPCON4|=0x03;CAPCON
             -0|=SET_BIT6;CAPCON2|=SET_BIT6;
              //#define IC3_P04_CAP3_RisingEdge_Capture     CAPCON1&=0x0F;CAPCON1|=0x10;CAPCON4&=0xF0;CAPCON4|=0x04;CAPCON
             -0|=SET_BIT6;CAPCON2|=SET_BIT6;
              //#define IC4_P01_CAP3_RisingEdge_Capture     CAPCON1&=0x0F;CAPCON1|=0x10;CAPCON4&=0xF0;CAPCON4|=0x05;CAPCON
             -0|=SET_BIT6;CAPCON2|=SET_BIT6;
              //#define IC5_P03_CAP3_RisingEdge_Capture     CAPCON1&=0x0F;CAPCON1|=0x10;CAPCON4&=0xF0;CAPCON4|=0x06;CAPCON
             -0|=SET_BIT6;CAPCON2|=SET_BIT6;
              //#define IC6_P05_CAP3_RisingEdge_Capture     CAPCON1&=0x0F;CAPCON1|=0x10;CAPCON4&=0xF0;CAPCON4|=0x07;CAPCON
             -0|=SET_BIT6;CAPCON2|=SET_BIT6;
              //#define IC7_P15_CAP3_RisingEdge_Capture     CAPCON1&=0x0F;CAPCON1|=0x10;CAPCON4&=0xF0;CAPCON4|=0x08;CAPCON
             -0|=SET_BIT6;CAPCON2|=SET_BIT6;
              
              ////-----BOTH  edge ----
              //#define IC0_P12_CAP0_BothEdge_Capture       CAPCON1&=0xFC;CAPCON1|=0x02;CAPCON3&=0xF0;CAPCON0|=SET_BIT4;CAP
             -CON2|=SET_BIT4
              //#define IC1_P11_CAP0_BothEdge_Capture       CAPCON1&=0xFC;CAPCON1|=0x02;CAPCON3&=0xF0;CAPCON3|=0x01;CAPCON0
             -|=SET_BIT4;CAPCON2|=SET_BIT4
              //#define IC2_P10_CAP0_BothEdge_Capture       CAPCON1&=0xFC;CAPCON1|=0x02;CAPCON3&=0xF0;CAPCON3|=0x02;CAPCON0
             -|=SET_BIT4;CAPCON2|=SET_BIT4
              //#define IC3_P00_CAP0_BothEdge_Capture       CAPCON1&=0xFC;CAPCON1|=0x02;CAPCON3&=0xF0;CAPCON3|=0x03;CAPCON0
             -|=SET_BIT4;CAPCON2|=SET_BIT4
              //#define IC3_P04_CAP0_BothEdge_Capture       CAPCON1&=0xFC;CAPCON1|=0x02;CAPCON3&=0xF0;CAPCON3|=0x04;CAPCON0
             -|=SET_BIT4;CAPCON2|=SET_BIT4
              //#define IC4_P01_CAP0_BothEdge_Capture       CAPCON1&=0xFC;CAPCON1|=0x02;CAPCON3&=0xF0;CAPCON3|=0x05;CAPCON0
             -|=SET_BIT4;CAPCON2|=SET_BIT4
              //#define IC5_P03_CAP0_BothEdge_Capture       CAPCON1&=0xFC;CAPCON1|=0x02;CAPCON3&=0xF0;CAPCON3|=0x06;CAPCON0
             -|=SET_BIT4;CAPCON2|=SET_BIT4
              //#define IC6_P05_CAP0_BothEdge_Capture       CAPCON1&=0xFC;CAPCON1|=0x02;CAPCON3&=0xF0;CAPCON3|=0x07;CAPCON0
             -|=SET_BIT4;CAPCON2|=SET_BIT4
              //#define IC7_P15_CAP0_BothEdge_Capture       CAPCON1&=0xFC;CAPCON1|=0x02;CAPCON3&=0xF0;CAPCON3|=0x08;CAPCON0
             -|=SET_BIT4;CAPCON2|=SET_BIT4
              
              //#define IC0_P12_CAP1_BothEdge_Capture       CAPCON1&=0xF3;CAPCON1|=0x08;CAPCON3&=0x0F;CAPCON0|=SET_BIT5;CAP
             -CON2|=SET_BIT5
              //#define IC1_P11_CAP1_BothEdge_Capture       CAPCON1&=0xF3;CAPCON1|=0x08;CAPCON3&=0x0F;CAPCON3|=0x10;CAPCON0
             -|=SET_BIT5;CAPCON2|=SET_BIT5;
              //#define IC2_P10_CAP1_BothEdge_Capture       CAPCON1&=0xF3;CAPCON1|=0x08;CAPCON3&=0x0F;CAPCON3|=0x20;CAPCON0
C51 COMPILER V9.52.0.0   CAPTURE                                                           07/06/2017 11:44:33 PAGE 4   

             -|=SET_BIT5;CAPCON2|=SET_BIT5;
              //#define IC3_P00_CAP1_BothEdge_Capture       CAPCON1&=0xF3;CAPCON1|=0x08;CAPCON3&=0x0F;CAPCON3|=0x30;CAPCON0
             -|=SET_BIT5;CAPCON2|=SET_BIT5;
              //#define IC3_P04_CAP1_BothEdge_Capture       CAPCON1&=0xF3;CAPCON1|=0x08;CAPCON3&=0x0F;CAPCON3|=0x40;CAPCON0
             -|=SET_BIT5;CAPCON2|=SET_BIT5;
              //#define IC4_P01_CAP1_BothEdge_Capture       CAPCON1&=0xF3;CAPCON1|=0x08;CAPCON3&=0x0F;CAPCON3|=0x50;CAPCON0
             -|=SET_BIT5;CAPCON2|=SET_BIT5;
              //#define IC5_P03_CAP1_BothEdge_Capture       CAPCON1&=0xF3;CAPCON1|=0x08;CAPCON3&=0x0F;CAPCON3|=0x60;CAPCON0
             -|=SET_BIT5;CAPCON2|=SET_BIT5;
              //#define IC6_P05_CAP1_BothEdge_Capture       CAPCON1&=0xF3;CAPCON1|=0x08;CAPCON3&=0x0F;CAPCON3|=0x70;CAPCON0
             -|=SET_BIT5;CAPCON2|=SET_BIT5;
              //#define IC7_P15_CAP1_BothEdge_Capture       CAPCON1&=0xF3;CAPCON1|=0x08;CAPCON3&=0x0F;CAPCON3|=0x80;CAPCON0
             -|=SET_BIT5;CAPCON2|=SET_BIT5;
              
              //#define IC0_P12_CAP3_BothEdge_Capture       CAPCON1&=0x0F;CAPCON1|=0x20;CAPCON4&=0xF0;CAPCON0|=SET_BIT6;CAP
             -CON2|=SET_BIT6;
              //#define IC1_P11_CAP3_BothEdge_Capture       CAPCON1&=0x0F;CAPCON1|=0x20;CAPCON4&=0xF0;CAPCON4|=0x01;CAPCON0
             -|=SET_BIT6;CAPCON2|=SET_BIT6;
              //#define IC2_P10_CAP3_BothEdge_Capture       CAPCON1&=0x0F;CAPCON1|=0x20;CAPCON4&=0xF0;CAPCON4|=0x02;CAPCON0
             -|=SET_BIT6;CAPCON2|=SET_BIT6;
              //#define IC3_P00_CAP3_BothEdge_Capture       CAPCON1&=0x0F;CAPCON1|=0x20;CAPCON4&=0xF0;CAPCON4|=0x03;CAPCON0
             -|=SET_BIT6;CAPCON2|=SET_BIT6;
              //#define IC3_P04_CAP3_BothEdge_Capture       CAPCON1&=0x0F;CAPCON1|=0x20;CAPCON4&=0xF0;CAPCON4|=0x04;CAPCON0
             -|=SET_BIT6;CAPCON2|=SET_BIT6;
              //#define IC4_P01_CAP3_BothEdge_Capture       CAPCON1&=0x0F;CAPCON1|=0x20;CAPCON4&=0xF0;CAPCON4|=0x05;CAPCON0
             -|=SET_BIT6;CAPCON2|=SET_BIT6;
              //#define IC5_P03_CAP3_BothEdge_Capture       CAPCON1&=0x0F;CAPCON1|=0x20;CAPCON4&=0xF0;CAPCON4|=0x06;CAPCON0
             -|=SET_BIT6;CAPCON2|=SET_BIT6;
              //#define IC6_P05_CAP3_BothEdge_Capture       CAPCON1&=0x0F;CAPCON1|=0x20;CAPCON4&=0xF0;CAPCON4|=0x07;CAPCON0
             -|=SET_BIT6;CAPCON2|=SET_BIT6;
              //#define IC7_P15_CAP3_BothEdge_Capture       CAPCON1&=0x0F;CAPCON1|=0x20;CAPCON4&=0xF0;CAPCON4|=0x08;CAPCON0
             -|=SET_BIT6;CAPCON2|=SET_BIT6;
              
              //#define TIMER2_IC2_DISABLE                  CAPCON0&=~SET_BIT6       
              //#define TIMER2_IC1_DISABLE                  CAPCON0&=~SET_BIT5      
              //#define TIMER2_IC0_DISABLE                  CAPCON0&=~SET_BIT4  
              
              ///*------------------------------------------------------------------------------------------------------
             -----
              //*    Timer2 mode define
              //--------------------------------------------------------------------------------------------------------
             -----*/
              
              //#define   TIMER2_CAP0_Capture_Mode      T2CON&=~SET_BIT0;T2MOD=0x89
              //#define   TIMER2_CAP1_Capture_Mode      T2CON&=~SET_BIT0;T2MOD=0x8A
              //#define   TIMER2_CAP2_Capture_Mode      T2CON&=~SET_BIT0;T2MOD=0x8B
              
              ///*------------------------------------------------------------------------------------------------------
             -----
              //*   Timer devider define
              //--------------------------------------------------------------------------------------------------------
             ---*/
              //#define TIMER2_DIV_4      T2MOD|=0x10;T2MOD&=0x9F
              //#define TIMER2_DIV_16     T2MOD|=0x20;T2MOD&=0xAF
              //#define TIMER2_DIV_32     T2MOD|=0x30;T2MOD&=0xBF
              //#define TIMER2_DIV_64     T2MOD|=0x40;T2MOD&=0xCF
              //#define TIMER2_DIV_128    T2MOD|=0x50;T2MOD&=0xDF
              //#define TIMER2_DIV_256    T2MOD|=0x60;T2MOD&=0xEF
              //#define TIMER2_DIV_512    T2MOD|=0x70
              #endif
 145          
 146          
C51 COMPILER V9.52.0.0   CAPTURE                                                           07/06/2017 11:44:33 PAGE 5   

 147          /*********************************************************************************************************
             -***
 148          *    Timer2 Capture interrupt subroutine
 149          **********************************************************************************************************
             -**/
 150          void Capture_ISR (void) interrupt 12
 151          {
 152   1              clr_CAPF0;                          // clear capture0 interrupt flag
 153   1              P1 = C0L;                           // For capture mode CxL/CxH with data capture from I/O pin
 154   1              P2 = C0H;                           
 155   1              P12 = ~P12;                         //toggle GPIO1 to show int
 156   1              printf("\n TM2 CAP 0x%bX",C0H);
 157   1              clr_TF2;
 158   1      }
 159          /*********************************************************************************************************
             -***
 160          *    Main function 
 161          **********************************************************************************************************
             -**/
 162          void main (void)
 163          {
 164   1          Set_All_GPIO_Quasi_Mode;
 165   1          InitialUART0_Timer3(115200);
 166   1          P00_Input_Mode;
 167   1          P00 = 1;
 168   1      
 169   1          TIMER2_CAP0_Capture_Mode;
 170   1          IC3_P00_CAP0_BothEdge_Capture;
 171   1            
 172   1          set_ECAP;                                   //Enable Capture interrupt
 173   1          set_TR2;                                    //Triger Timer2
 174   1          set_EA;
 175   1      
 176   1          while(1);
 177   1      }


MODULE INFORMATION:   STATIC OVERLAYABLE
   CODE SIZE        =    144    ----
   CONSTANT SIZE    =     16    ----
   XDATA SIZE       =   ----    ----
   PDATA SIZE       =   ----    ----
   DATA SIZE        =   ----    ----
   IDATA SIZE       =   ----    ----
   BIT SIZE         =   ----    ----
END OF MODULE INFORMATION.


C51 COMPILATION COMPLETE.  0 WARNING(S),  0 ERROR(S)
