C51 COMPILER V9.52.0.0   WDT                                                               11/21/2016 14:22:26 PAGE 1   


C51 COMPILER V9.52.0.0, COMPILATION OF MODULE WDT
OBJECT MODULE PLACED IN .\Output\WDT.obj
COMPILER INVOKED BY: C:\Keil\C51\BIN\C51.EXE Code\WDT.c BROWSE INCDIR(..\..\Include) DEFINE(FOSC_160000) DEBUG OBJECTEXT
                    -END PRINT(.\LST\WDT.lst) TABS(2) OBJECT(.\Output\WDT.obj)

line level    source

   1          /*--------------------------------------------------------------------------------------------------------
             --*/
   2          /*                                                                                                        
             - */
   3          /* Copyright(c) 2016 Nuvoton Technology Corp. All rights reserved.                                        
             - */
   4          /*                                                                                                        
             - */
   5          /*--------------------------------------------------------------------------------------------------------
             --*/
   6          
   7          //********************************************************************************************************
             -***
   8          //  Nuvoton Technoledge Corp. 
   9          //  Website: http://www.nuvoton.com
  10          //  E-Mail : MicroC-8bit@nuvoton.com
  11          //  Date   : Apr/21/2016
  12          //********************************************************************************************************
             -***
  13          
  14          //********************************************************************************************************
             -***
  15          //  File Function: N76E003 Watch Dog reste functiondemo code
  16          //********************************************************************************************************
             -***
  17          
  18          #include "N76E003.h"
  19          #include "Common.h"
  20          #include "Delay.h"
  21          #include "SFR_Macro.h"
  22          #include "Function_define.h"
  23          
  24          /***********************************************************************
  25            WDT CONFIG enable 
  26            warning : this macro is only when ICP not enable CONFIG WDT function
  27            copy this marco code to you code to enable WDT reset.
  28          ************************************************************************/
  29          void Enable_WDT_Reset_Config(void)
  30          {
  31   1          set_IAPEN;
  32   1          IAPAL = 0x04;
  33   1          IAPAH = 0x00;
  34   1          IAPFD = 0x0F;
  35   1          IAPCN = 0xE1;
  36   1          set_CFUEN;
  37   1          set_IAPGO;                                  //trigger IAP
  38   1          while((CHPCON&SET_BIT6)==SET_BIT6);          //check IAPFF (CHPCON.6)
  39   1          clr_CFUEN;
  40   1          clr_IAPEN;
  41   1      }
  42          
  43          
  44          /*********************************************************************************************************
             -***
C51 COMPILER V9.52.0.0   WDT                                                               11/21/2016 14:22:26 PAGE 2   

  45          *    Main function 
  46          **********************************************************************************************************
             -**/
  47          void main (void)
  48          {
  49   1      
  50   1      
  51   1      
  52   1        Set_All_GPIO_Quasi_Mode;
  53   1      
  54   1        clr_GPIO1;
  55   1        Timer0_Delay1ms(50);          //toggle I/O to show MCU Reset
  56   1        set_GPIO1;
  57   1        Timer0_Delay1ms(50);
  58   1        clr_GPIO1;
  59   1        Timer0_Delay1ms(50);
  60   1        set_GPIO1;
  61   1        Timer0_Delay1ms(50);
  62   1      
  63   1        
  64   1      //----------------------------------------------------------------------------------------------
  65   1      // WDT Init !!! ENABLE CONFIG WDT FIRST !!!
  66   1      // Warning:
  67   1      // Always check CONFIG WDT enable first, CONFIG not enable, SFR can't enable WDT reset
  68   1      // Please call Enable_WDT_Reset_Config() function to enable CONFIG WDT reset
  69   1      //----------------------------------------------------------------------------------------------
  70   1      
  71   1      //  Enable_WDT_Reset_Config();
  72   1      
  73   1          TA=0xAA;TA=0x55;WDCON=0x07;           //Setting WDT prescale 
  74   1          set_WDCLR;                            //Clear WDT timer
  75   1          while((WDCON|~SET_BIT6)==0xFF);       //confirm WDT clear is ok before into power down mode
  76   1          EA = 1;
  77   1          set_WDTR;                             //WDT run
  78   1          
  79   1          while(1)
  80   1          {
  81   2      
  82   2            clr_GPIO1;
  83   2            Timer0_Delay1ms(500);
  84   2            set_GPIO1;
  85   2            Timer0_Delay1ms(500);
  86   2            clr_GPIO1;
  87   2            Timer0_Delay1ms(500);
  88   2            set_GPIO1;
  89   2            Timer0_Delay1ms(500);
  90   2            set_PD;
  91   2          }
  92   1      }
  93          


MODULE INFORMATION:   STATIC OVERLAYABLE
   CODE SIZE        =    288    ----
   CONSTANT SIZE    =   ----    ----
   XDATA SIZE       =   ----    ----
   PDATA SIZE       =   ----    ----
   DATA SIZE        =   ----    ----
   IDATA SIZE       =   ----    ----
   BIT SIZE         =   ----    ----
END OF MODULE INFORMATION.


C51 COMPILATION COMPLETE.  0 WARNING(S),  0 ERROR(S)
