C51 COMPILER V9.52.0.0   ADC                                                               07/10/2017 12:12:40 PAGE 1   


C51 COMPILER V9.52.0.0, COMPILATION OF MODULE ADC
OBJECT MODULE PLACED IN .\Output\ADC.obj
COMPILER INVOKED BY: C:\Keil\C51\BIN\C51.EXE Code\ADC.C OPTIMIZE(4,SPEED) BROWSE INCDIR(..\..\Include) DEFINE(FOSC_16000
                    -0) DEBUG OBJECTEXTEND PRINT(.\LST\ADC.lst) TABS(2) OBJECT(.\Output\ADC.obj)

line level    source

   1          /*--------------------------------------------------------------------------------------------------------
             --*/
   2          /*                                                                                                        
             - */
   3          /* Copyright(c) 2016 Nuvoton Technology Corp. All rights reserved.                                        
             - */
   4          /*                                                                                                        
             - */
   5          /*--------------------------------------------------------------------------------------------------------
             --*/
   6          
   7          //********************************************************************************************************
             -***
   8          //  Nuvoton Technoledge Corp. 
   9          //  Website: http://www.nuvoton.com
  10          //  E-Mail : MicroC-8bit@nuvoton.com
  11          //  Date   : Apr/21/2016
  12          //********************************************************************************************************
             -***
  13          
  14          //********************************************************************************************************
             -***
  15          //  File Function: N76E885 ADC demo code
  16          //********************************************************************************************************
             -***
  17          
  18          #include "N76E003.h"
  19          #include "SFR_Macro.h"
  20          #include "Function_define.h"
  21          #include "Common.h"
  22          #include "Delay.h"
  23          
  24          
  25          //*****************  The Following is in define in Fucntion_define.h  ***************************
  26          //****** Always include Function_define.h call the define you want, detail see main(void) *******
  27          //***********************************************************************************************
  28          #if 0
              //#define Enable_ADC_AIN0     ADCCON0&=0xF0;P17_Input_Mode;AINDIDS=0x00;AINDIDS|=SET_BIT0;ADCCON1|=SET_BIT0 
             -                //P17
              //#define Enable_ADC_AIN1     ADCCON0&=0xF0;ADCCON0|=0x01;P30_Input_Mode;AINDIDS=0x00;AINDIDS|=SET_BIT1;ADCC
             -ON1|=SET_BIT0    //P30
              //#define Enable_ADC_AIN2     ADCCON0&=0xF0;ADCCON0|=0x02;P07_Input_Mode;AINDIDS=0x00;AINDIDS|=SET_BIT2;ADCC
             -ON1|=SET_BIT0    //P07
              //#define Enable_ADC_AIN3     ADCCON0&=0xF0;ADCCON0|=0x03;P06_Input_Mode;AINDIDS=0x00;AINDIDS|=SET_BIT3;ADCC
             -ON1|=SET_BIT0    //P06
              //#define Enable_ADC_AIN4     ADCCON0&=0xF0;ADCCON0|=0x04;P05_Input_Mode;AINDIDS=0x00;AINDIDS|=SET_BIT4;ADCC
             -ON1|=SET_BIT0    //P05
              //#define Enable_ADC_AIN5     ADCCON0&=0xF0;ADCCON0|=0x05;P04_Input_Mode;AINDIDS=0x00;AINDIDS|=SET_BIT5;ADCC
             -ON1|=SET_BIT0    //P04
              //#define Enable_ADC_AIN6     ADCCON0&=0xF0;ADCCON0|=0x06;P03_Input_Mode;AINDIDS=0x00;AINDIDS|=SET_BIT6;ADCC
             -ON1|=SET_BIT0    //P03
              //#define Enable_ADC_AIN7     ADCCON0&=0xF0;ADCCON0|=0x07;P11_Input_Mode;AINDIDS=0x00;AINDIDS|=SET_BIT7;ADCC
             -ON1|=SET_BIT0    //P11
              //#define Enable_ADC_BandGap  ADCCON0|=SET_BIT3;ADCCON0&=0xF8;                                                              //Band-gap 1.2
C51 COMPILER V9.52.0.0   ADC                                                               07/10/2017 12:12:40 PAGE 2   

             -2V
              
              //#define PWM0_FALLINGEDGE_TRIG_ADC   ADCCON0&=~SET_BIT5;ADCCON0&=~SET_BIT4;ADCCON1&=~SET_BIT3;ADCCON1&=~SE
             -T_BIT2;ADCCON1|=SET_BIT1
              //#define PWM2_FALLINGEDGE_TRIG_ADC   ADCCON0&=~SET_BIT5;ADCCON0|=SET_BIT4;ADCCON1&=~SET_BIT3;ADCCON1&=~SET
             -_BIT2;ADCCON1|=SET_BIT1
              //#define PWM4_FALLINGEDGE_TRIG_ADC   ADCCON0|=SET_BIT5;ADCCON0&=~SET_BIT4;ADCCON1&=~SET_BIT3;ADCCON1&=~SET
             -_BIT2;ADCCON1|=SET_BIT1
              //#define PWM0_RISINGEDGE_TRIG_ADC    ADCCON0&=~SET_BIT5;ADCCON0&=~SET_BIT4;ADCCON1&=~SET_BIT3;ADCCON1|=SET_
             -BIT2;ADCCON1|=SET_BIT1
              //#define PWM2_RISINGEDGE_TRIG_ADC    ADCCON0&=~SET_BIT5;ADCCON0|=SET_BIT4;ADCCON1&=~SET_BIT3;ADCCON1|=SET_B
             -IT2;ADCCON1|=SET_BIT1
              //#define PWM4_RISINGEDGE_TRIG_ADC    ADCCON0|=SET_BIT5;ADCCON0&=~SET_BIT4;ADCCON1&=~SET_BIT3;ADCCON1|=SET_B
             -IT2;ADCCON1|=SET_BIT1
              
              //#define P04_FALLINGEDGE_TRIG_ADC    ADCCON0|=0x30;ADCCON1&=0xF3;ADCCON1|=SET_BIT1;ADCCON1&=~SET_BIT6
              //#define P13_FALLINGEDGE_TRIG_ADC    ADCCON0|=0x30;ADCCON1&=0xF3;ADCCON1|=SET_BIT1;ADCCON1|=SET_BIT6
              //#define P04_RISINGEDGE_TRIG_ADC     ADCCON0|=0x30;ADCCON1&=~SET_BIT3;ADCCON1|=SET_BIT2;ADCCON1|=SET_BIT1;A
             -DCCON1&=~SET_BIT6
              //#define P13_RISINGEDGE_TRIG_ADC     ADCCON0|=0x30;ADCCON1&=~SET_BIT3;ADCCON1|=SET_BIT2;ADCCON1|=SET_BIT1;A
             -DCCON1|=SET_BIT6
              #endif
  51          
  52          double  Bandgap_Voltage,VDD_Voltage;      //please always use "double" mode for this
  53              
  54          void ADC_Bypass (void)
  55          {
  56   1          unsigned char ozc;
  57   1          for (ozc=0;ozc<0x03;ozc++)
  58   1          {
  59   2            clr_ADCF;
  60   2            set_ADCS;
  61   2            while(ADCF == 0);
  62   2          }
  63   1      }
  64              
  65          void READ_BANDGAP()
  66          {
  67   1          UINT8 BandgapHigh,BandgapLow;
  68   1          double Bandgap_Value;
  69   1        
  70   1          set_IAPEN;
  71   1          IAPAL = 0x0C;
  72   1          IAPAH = 0x00;
  73   1          IAPCN = READ_UID;
  74   1          set_IAPGO;
  75   1          BandgapHigh = IAPFD;
  76   1          IAPAL = 0x0d;
  77   1          IAPAH = 0x00;
  78   1          IAPCN = READ_UID;
  79   1          set_IAPGO;
  80   1          BandgapLow = IAPFD;
  81   1          BandgapLow = BandgapLow&0x0F;
  82   1          clr_IAPEN;
  83   1          Bandgap_Value = (BandgapHigh<<4)+BandgapLow;
  84   1          Bandgap_Voltage = 3072/(0x0fff/Bandgap_Value);
  85   1      }
  86                
  87          /******************************************************************************
  88          The main C function.  Program execution starts
  89          here after stack initialization.
  90          ******************************************************************************/
C51 COMPILER V9.52.0.0   ADC                                                               07/10/2017 12:12:40 PAGE 3   

  91          void main (void) 
  92          {
  93   1      
  94   1          double bgvalue;
  95   1            set_CLOEN;
  96   1          P12_Quasi_Mode;                           //For GPIO1 output, Find in "Function_define.h" - "GPIO INIT"
  97   1          InitialUART0_Timer1(115200);
  98   1          READ_BANDGAP();
  99   1          Enable_ADC_BandGap;                       //Find in "Function_define.h" - "ADC INIT"
 100   1          ADC_Bypass();
 101   1      
 102   1          clr_ADCF;
 103   1          set_ADCS;                                 // Each time ADC start trig signal
 104   1          while(ADCF == 0);
 105   1          bgvalue = (ADCRH<<4) + ADCRL;
 106   1          VDD_Voltage = (0xFFF/bgvalue)*Bandgap_Voltage;
 107   1          printf ("\n Bandgap voltage = %e", Bandgap_Voltage); 
 108   1          printf ("\n VDD voltage = %e", VDD_Voltage); 
 109   1          while(1);
 110   1      }
 111          
 112          


MODULE INFORMATION:   STATIC OVERLAYABLE
   CODE SIZE        =    328    ----
   CONSTANT SIZE    =     42    ----
   XDATA SIZE       =   ----    ----
   PDATA SIZE       =   ----    ----
   DATA SIZE        =      8    ----
   IDATA SIZE       =   ----    ----
   BIT SIZE         =   ----    ----
END OF MODULE INFORMATION.


C51 COMPILATION COMPLETE.  0 WARNING(S),  0 ERROR(S)
